# JRE version: Java(TM) SE Runtime Environment (8.0_241-b07) (build 1.8.0_241-b07)
# Java VM: Java HotSpot(TM) 64-Bit Server VM (25.241-b07 mixed mode windows-amd64 compressed oops)
Heap:
 garbage-first heap   total 266240K, used 127488K [0x0000000080000000, 0x0000000080100820, 0x0000000100000000)
  region size 1024K, 19 young (19456K), 2 survivors (2048K)
 Metaspace       used 118205K, capacity 129802K, committed 129956K, reserved 1161216K
  class space    used 14864K, capacity 17888K, committed 17904K, reserved 1048576K
GC Heap History (10 events):
Event: 79.964 GC heap before
{Heap before GC invocations=19 (full 0):
 garbage-first heap   total 266240K, used 224147K [0x0000000080000000, 0x0000000080100820, 0x0000000100000000)
  region size 1024K, 115 young (117760K), 13 survivors (13312K)
 Metaspace       used 111708K, capacity 122642K, committed 122916K, reserved 1155072K
  class space    used 14033K, capacity 16892K, committed 17008K, reserved 1048576K
Event: 80.009 GC heap after
Heap after GC invocations=20 (full 0):
 garbage-first heap   total 266240K, used 134547K [0x0000000080000000, 0x0000000080100820, 0x0000000100000000)
  region size 1024K, 15 young (15360K), 15 survivors (15360K)
 Metaspace       used 111708K, capacity 122642K, committed 122916K, reserved 1155072K
  class space    used 14033K, capacity 16892K, committed 17008K, reserved 1048576K
}
Event: 80.063 GC heap before
{Heap before GC invocations=20 (full 0):
 garbage-first heap   total 266240K, used 135571K [0x0000000080000000, 0x0000000080100820, 0x0000000100000000)
  region size 1024K, 16 young (16384K), 15 survivors (15360K)
 Metaspace       used 111739K, capacity 122642K, committed 122916K, reserved 1155072K
  class space    used 14034K, capacity 16892K, committed 17008K, reserved 1048576K
Event: 80.092 GC heap after
Heap after GC invocations=21 (full 0):
 garbage-first heap   total 266240K, used 116627K [0x0000000080000000, 0x0000000080100820, 0x0000000100000000)
  region size 1024K, 2 young (2048K), 2 survivors (2048K)
 Metaspace       used 111739K, capacity 122642K, committed 122916K, reserved 1155072K
  class space    used 14034K, capacity 16892K, committed 17008K, reserved 1048576K
}
Event: 80.905 GC heap before
{Heap before GC invocations=21 (full 0):
 garbage-first heap   total 266240K, used 182506K [0x0000000080000000, 0x0000000080100820, 0x0000000100000000)
  region size 1024K, 66 young (67584K), 2 survivors (2048K)
 Metaspace       used 112058K, capacity 122978K, committed 123172K, reserved 1155072K
  class space    used 14053K, capacity 16942K, committed 17008K, reserved 1048576K
Event: 80.941 GC heap after
Heap after GC invocations=22 (full 0):
 garbage-first heap   total 266240K, used 130282K [0x0000000080000000, 0x0000000080100820, 0x0000000100000000)
  region size 1024K, 14 young (14336K), 14 survivors (14336K)
 Metaspace       used 112058K, capacity 122978K, committed 123172K, reserved 1155072K
  class space    used 14053K, capacity 16942K, committed 17008K, reserved 1048576K
}
Event: 96.567 GC heap before
{Heap before GC invocations=23 (full 0):
 garbage-first heap   total 266240K, used 225435K [0x0000000080000000, 0x0000000080100820, 0x0000000100000000)
  region size 1024K, 104 young (106496K), 14 survivors (14336K)
 Metaspace       used 116295K, capacity 127588K, committed 127652K, reserved 1159168K
  class space    used 14601K, capacity 17593K, committed 17648K, reserved 1048576K
Event: 96.602 GC heap after
Heap after GC invocations=24 (full 0):
 garbage-first heap   total 266240K, used 135245K [0x0000000080000000, 0x0000000080100820, 0x0000000100000000)
  region size 1024K, 8 young (8192K), 8 survivors (8192K)
 Metaspace       used 116295K, capacity 127588K, committed 127652K, reserved 1159168K
  class space    used 14601K, capacity 17593K, committed 17648K, reserved 1048576K
}
Event: 96.865 GC heap before
{Heap before GC invocations=24 (full 0):
 garbage-first heap   total 266240K, used 140365K [0x0000000080000000, 0x0000000080100820, 0x0000000100000000)
  region size 1024K, 13 young (13312K), 8 survivors (8192K)
 Metaspace       used 117667K, capacity 129188K, committed 129316K, reserved 1161216K
  class space    used 14773K, capacity 17772K, committed 17776K, reserved 1048576K
Event: 96.897 GC heap after
Heap after GC invocations=25 (full 0):
 garbage-first heap   total 266240K, used 111104K [0x0000000080000000, 0x0000000080100820, 0x0000000100000000)
  region size 1024K, 2 young (2048K), 2 survivors (2048K)
 Metaspace       used 117667K, capacity 129188K, committed 129316K, reserved 1161216K
  class space    used 14773K, capacity 17772K, committed 17776K, reserved 1048576K
}

