# JRE version: Java(TM) SE Runtime Environment (8.0_241-b07) (build 1.8.0_241-b07)
# Java VM: Java HotSpot(TM) 64-Bit Server VM (25.241-b07 mixed mode windows-amd64 compressed oops)
Heap:
 garbage-first heap   total 330752K, used 166278K [0x0000000080000000, 0x0000000080100a18, 0x0000000100000000)
  region size 1024K, 46 young (47104K), 5 survivors (5120K)
 Metaspace       used 122919K, capacity 134564K, committed 134888K, reserved 1169408K
  class space    used 14823K, capacity 17843K, committed 17944K, reserved 1048576K
GC Heap History (10 events):
Event: 1035.973 GC heap before
{Heap before GC invocations=59 (full 0):
 garbage-first heap   total 318464K, used 280818K [0x0000000080000000, 0x00000000801009b8, 0x0000000100000000)
  region size 1024K, 104 young (106496K), 2 survivors (2048K)
 Metaspace       used 121348K, capacity 132688K, committed 132840K, reserved 1165312K
  class space    used 14656K, capacity 17664K, committed 17688K, reserved 1048576K
Event: 1035.993 GC heap after
Heap after GC invocations=60 (full 0):
 garbage-first heap   total 322560K, used 147884K [0x0000000080000000, 0x00000000801009d8, 0x0000000100000000)
  region size 1024K, 4 young (4096K), 4 survivors (4096K)
 Metaspace       used 121348K, capacity 132688K, committed 132840K, reserved 1165312K
  class space    used 14656K, capacity 17664K, committed 17688K, reserved 1048576K
}
Event: 1040.140 GC heap before
{Heap before GC invocations=60 (full 0):
 garbage-first heap   total 322560K, used 164346K [0x0000000080000000, 0x00000000801009d8, 0x0000000100000000)
  region size 1024K, 15 young (15360K), 4 survivors (4096K)
 Metaspace       used 121410K, capacity 132752K, committed 132840K, reserved 1165312K
  class space    used 14656K, capacity 17664K, committed 17688K, reserved 1048576K
Event: 1040.161 GC heap after
Heap after GC invocations=61 (full 0):
 garbage-first heap   total 322560K, used 120317K [0x0000000080000000, 0x00000000801009d8, 0x0000000100000000)
  region size 1024K, 2 young (2048K), 2 survivors (2048K)
 Metaspace       used 121410K, capacity 132752K, committed 132840K, reserved 1165312K
  class space    used 14656K, capacity 17664K, committed 17688K, reserved 1048576K
}
Event: 1045.675 GC heap before
{Heap before GC invocations=61 (full 0):
 garbage-first heap   total 322560K, used 191498K [0x0000000080000000, 0x00000000801009d8, 0x0000000100000000)
  region size 1024K, 57 young (58368K), 2 survivors (2048K)
 Metaspace       used 121619K, capacity 132880K, committed 133096K, reserved 1165312K
  class space    used 14675K, capacity 17664K, committed 17688K, reserved 1048576K
Event: 1045.692 GC heap after
Heap after GC invocations=62 (full 0):
 garbage-first heap   total 322560K, used 127084K [0x0000000080000000, 0x00000000801009d8, 0x0000000100000000)
  region size 1024K, 2 young (2048K), 2 survivors (2048K)
 Metaspace       used 121619K, capacity 132880K, committed 133096K, reserved 1165312K
  class space    used 14675K, capacity 17664K, committed 17688K, reserved 1048576K
}
Event: 1109.219 GC heap before
{Heap before GC invocations=63 (full 0):
 garbage-first heap   total 328704K, used 302183K [0x0000000080000000, 0x0000000080100a08, 0x0000000100000000)
  region size 1024K, 140 young (143360K), 2 survivors (2048K)
 Metaspace       used 122246K, capacity 133666K, committed 133992K, reserved 1165312K
  class space    used 14720K, capacity 17715K, committed 17816K, reserved 1048576K
Event: 1109.232 GC heap after
Heap after GC invocations=64 (full 0):
 garbage-first heap   total 330752K, used 135829K [0x0000000080000000, 0x0000000080100a18, 0x0000000100000000)
  region size 1024K, 2 young (2048K), 2 survivors (2048K)
 Metaspace       used 122246K, capacity 133666K, committed 133992K, reserved 1165312K
  class space    used 14720K, capacity 17715K, committed 17816K, reserved 1048576K
}
Event: 1112.648 GC heap before
{Heap before GC invocations=64 (full 0):
 garbage-first heap   total 330752K, used 156860K [0x0000000080000000, 0x0000000080100a18, 0x0000000100000000)
  region size 1024K, 21 young (21504K), 2 survivors (2048K)
 Metaspace       used 122282K, capacity 133672K, committed 133992K, reserved 1165312K
  class space    used 14722K, capacity 17716K, committed 17816K, reserved 1048576K
Event: 1112.658 GC heap after
Heap after GC invocations=65 (full 0):
 garbage-first heap   total 330752K, used 122719K [0x0000000080000000, 0x0000000080100a18, 0x0000000100000000)
  region size 1024K, 5 young (5120K), 5 survivors (5120K)
 Metaspace       used 122282K, capacity 133672K, committed 133992K, reserved 1165312K
  class space    used 14722K, capacity 17716K, committed 17816K, reserved 1048576K
}

